Start testing: Aug 24 13:19 CST
----------------------------------------------------------
1/1 Testing: mini_vector
1/1 Test: mini_vector
Command: "/home/sakura/text/cpp-backend-roadmap/mini-stl/build/test_mini_vector"
Directory: /home/sakura/text/cpp-backend-roadmap/mini-stl/build
"mini_vector" start time: Aug 24 13:19 CST
Output:
----------------------------------------------------------
Randomness seeded to: 845402784
[mmap] reserve 1 big objects
[new[]] reserve 10 small objects
===============================================================================
test cases: 2 | 2 passed
assertions: - none -

<end of output>
Test time =   0.00 sec
----------------------------------------------------------
Test Passed.
"mini_vector" end time: Aug 24 13:19 CST
"mini_vector" time elapsed: 00:00:00
----------------------------------------------------------

End testing: Aug 24 13:19 CST
